<?xml version="1.0" encoding="UTF-8"?>
<!-- Generated by org.testng.reporters.JUnitReportReporter -->
<testsuite hostname="WAHEGURU" failures="0" tests="3" name="testpractice.SearchAndBuyPhone" time="0.019" errors="0" timestamp="2023-04-30T03:12:50 IST" skipped="0">
  <testcase classname="testpractice.SearchAndBuyPhone" name="search" time="0.008"/>
  <testcase classname="testpractice.SearchAndBuyPhone" name="select" time="0.006"/>
  <testcase classname="testpractice.SearchAndBuyPhone" name="checkout" time="0.005"/>
</testsuite> <!-- testpractice.SearchAndBuyPhone -->
