<?xml version="1.0" encoding="UTF-8"?>
<!-- Generated by org.testng.reporters.JUnitReportReporter -->
<testsuite hostname="WAHEGURU" failures="0" tests="6" name="testpractice.CreateUser" time="0.086" errors="0" timestamp="2023-04-30T03:12:50 IST" skipped="0">
  <testcase classname="testpractice.CreateUser" name="deleteuser" time="0.027"/>
  <testcase classname="testpractice.CreateUser" name="createuser" time="0.020"/>
  <testcase classname="testpractice.CreateUser" name="deleteuser" time="0.013"/>
  <testcase classname="testpractice.CreateUser" name="createuser" time="0.009"/>
  <testcase classname="testpractice.CreateUser" name="deleteuser" time="0.010"/>
  <testcase classname="testpractice.CreateUser" name="createuser" time="0.007"/>
</testsuite> <!-- testpractice.CreateUser -->
