<?xml version="1.0" encoding="UTF-8"?>
<!-- Generated by org.testng.reporters.JUnitReportReporter -->
<testsuite hostname="WAHEGURU" failures="0" tests="2" name="testpractice.AssertTest" time="0.044" errors="0" timestamp="2023-04-30T03:12:50 IST" skipped="0">
  <testcase classname="testpractice.AssertTest" name="dologin" time="0.032"/>
  <testcase classname="testpractice.AssertTest" name="logout" time="0.012"/>
</testsuite> <!-- testpractice.AssertTest -->
