<?xml version="1.0" encoding="UTF-8"?>
<!-- Generated by org.testng.reporters.JUnitReportReporter -->
<testsuite hostname="WAHEGURU" failures="0" tests="3" name="testpractice.SkipAnnotationTest$SearchAndBuyPhone" time="0.030" errors="0" timestamp="2023-04-30T03:12:50 IST" skipped="0">
  <testcase classname="testpractice.SkipAnnotationTest$SearchAndBuyPhone" name="search" time="0.003"/>
  <testcase classname="testpractice.SkipAnnotationTest$SearchAndBuyPhone" name="select" time="0.019"/>
  <testcase classname="testpractice.SkipAnnotationTest$SearchAndBuyPhone" name="checkout" time="0.008"/>
</testsuite> <!-- testpractice.SkipAnnotationTest$SearchAndBuyPhone -->
